{
  "stats": {
    "suites": 1,
    "tests": 1,
    "passes": 1,
    "pending": 0,
    "failures": 0,
    "start": "2023-01-26T16:23:05.402Z",
    "end": "2023-01-26T16:23:29.875Z",
    "duration": 24473,
    "testsRegistered": 1,
    "passPercent": 100,
    "pendingPercent": 0,
    "other": 0,
    "hasOther": false,
    "skipped": 0,
    "hasSkipped": false
  },
  "results": [
    {
      "uuid": "2f174ac7-8309-4d17-a880-64608d334433",
      "title": "",
      "fullFile": "cypress\\TestArcanetinmen\\DSWebshopSubcribe.specs.js",
      "file": "cypress\\TestArcanetinmen\\DSWebshopSubcribe.specs.js",
      "beforeHooks": [],
      "afterHooks": [],
      "tests": [],
      "suites": [
        {
          "uuid": "1f2363e3-3ca3-4f11-9531-d940feea1e2c",
          "title": "DSWebshopSubscribe",
          "fullFile": "",
          "file": "",
          "beforeHooks": [],
          "afterHooks": [],
          "tests": [
            {
              "title": "Subscribe for NewsLetter",
              "fullTitle": "DSWebshopSubscribe Subscribe for NewsLetter",
              "timedOut": null,
              "duration": 23747,
              "state": "passed",
              "speed": "slow",
              "pass": true,
              "fail": false,
              "pending": false,
              "context": null,
              "code": "cy.get('[name=\"email1\"]').type(email);\ncy.get('.btn.btn-outline.float-xs-right').last().click(); //cy.get('body').contains(\"You have successfully subscribed to this newsletter.\").should('be.visible');",
              "err": {},
              "uuid": "3b449e0c-54b2-4686-9eb8-79e61ee5ae9b",
              "parentUUID": "1f2363e3-3ca3-4f11-9531-d940feea1e2c",
              "isHook": false,
              "skipped": false
            }
          ],
          "suites": [],
          "passes": [
            "3b449e0c-54b2-4686-9eb8-79e61ee5ae9b"
          ],
          "failures": [],
          "pending": [],
          "skipped": [],
          "duration": 23747,
          "root": false,
          "rootEmpty": false,
          "_timeout": 2000
        }
      ],
      "passes": [],
      "failures": [],
      "pending": [],
      "skipped": [],
      "duration": 0,
      "root": true,
      "rootEmpty": true,
      "_timeout": 2000
    }
  ],
  "meta": {
    "mocha": {
      "version": "7.0.1"
    },
    "mochawesome": {
      "options": {
        "quiet": false,
        "reportFilename": "mochawesome",
        "saveHtml": false,
        "saveJson": true,
        "consoleReporter": "spec",
        "useInlineDiffs": false,
        "code": true
      },
      "version": "7.1.3"
    },
    "marge": {
      "options": {
        "reporterEnabled": "mochawesome",
        "mochawesomeReporteroptions": {
          "charts": "true",
          "reportDir": "cypress/reports/mochawesome-report",
          "reportFilename": "report",
          "overwrite": false,
          "html": true,
          "json": true,
          "quiet": true
        },
        "overwrite": false,
        "html": false,
        "json": true,
        "reportDir": "cypress\\reports\\html\\.jsons"
      },
      "version": "6.2.0"
    }
  }
}