{
  "stats": {
    "suites": 1,
    "tests": 2,
    "passes": 2,
    "pending": 0,
    "failures": 0,
    "start": "2023-01-26T16:25:57.772Z",
    "end": "2023-01-26T16:27:22.475Z",
    "duration": 84703,
    "testsRegistered": 2,
    "passPercent": 100,
    "pendingPercent": 0,
    "other": 0,
    "hasOther": false,
    "skipped": 0,
    "hasSkipped": false
  },
  "results": [
    {
      "uuid": "4773870c-141c-4eb5-85fb-1da1bc948f7b",
      "title": "",
      "fullFile": "cypress\\TestArcanetinmen\\DSWebshopfooterlinks.specs.js",
      "file": "cypress\\TestArcanetinmen\\DSWebshopfooterlinks.specs.js",
      "beforeHooks": [],
      "afterHooks": [],
      "tests": [],
      "suites": [
        {
          "uuid": "0d1812fd-90f4-4b62-b198-b6e6d08c406a",
          "title": "DSWebshopFooterLinks",
          "fullFile": "",
          "file": "",
          "beforeHooks": [],
          "afterHooks": [],
          "tests": [
            {
              "title": "Company Footer Links",
              "fullTitle": "DSWebshopFooterLinks Company Footer Links",
              "timedOut": null,
              "duration": 42605,
              "state": "passed",
              "speed": "slow",
              "pass": true,
              "fail": false,
              "pending": false,
              "context": null,
              "code": "const pages = ['About Us', 'Distributors', 'Media', 'News', 'Store Locator'];\npages.forEach(page => {\n  cy.get('#footer').scrollIntoView().contains;\n  cy.get('#footer').contains(page).click({\n    force: true\n  });\n  cy.window().then(win => win.location.href = \"/webshop\");\n  console.log(cy.title());\n});",
              "err": {},
              "uuid": "71b1f21f-db76-4b06-9891-9563b731e21d",
              "parentUUID": "0d1812fd-90f4-4b62-b198-b6e6d08c406a",
              "isHook": false,
              "skipped": false
            },
            {
              "title": "Services Footer Links",
              "fullTitle": "DSWebshopFooterLinks Services Footer Links",
              "timedOut": null,
              "duration": 41779,
              "state": "passed",
              "speed": "slow",
              "pass": true,
              "fail": false,
              "pending": false,
              "context": null,
              "code": "const pages = ['Terms & Conditions', 'Privacy Policy', 'Cancellations & Returns', 'Shipping & Delivery', 'Contact Us'];\npages.forEach(page => {\n  cy.get('#footer').scrollIntoView().contains;\n  cy.get('#footer').contains(page).click({\n    force: true\n  });\n  cy.window().then(win => win.location.href = \"/webshop\");\n  console.log(cy.title());\n});",
              "err": {},
              "uuid": "82553707-41ce-473a-892b-0cf11159a41e",
              "parentUUID": "0d1812fd-90f4-4b62-b198-b6e6d08c406a",
              "isHook": false,
              "skipped": false
            }
          ],
          "suites": [],
          "passes": [
            "71b1f21f-db76-4b06-9891-9563b731e21d",
            "82553707-41ce-473a-892b-0cf11159a41e"
          ],
          "failures": [],
          "pending": [],
          "skipped": [],
          "duration": 84384,
          "root": false,
          "rootEmpty": false,
          "_timeout": 2000
        }
      ],
      "passes": [],
      "failures": [],
      "pending": [],
      "skipped": [],
      "duration": 0,
      "root": true,
      "rootEmpty": true,
      "_timeout": 2000
    }
  ],
  "meta": {
    "mocha": {
      "version": "7.0.1"
    },
    "mochawesome": {
      "options": {
        "quiet": false,
        "reportFilename": "mochawesome",
        "saveHtml": false,
        "saveJson": true,
        "consoleReporter": "spec",
        "useInlineDiffs": false,
        "code": true
      },
      "version": "7.1.3"
    },
    "marge": {
      "options": {
        "reporterEnabled": "mochawesome",
        "mochawesomeReporteroptions": {
          "charts": "true",
          "reportDir": "cypress/reports/mochawesome-report",
          "reportFilename": "report",
          "overwrite": false,
          "html": true,
          "json": true,
          "quiet": true
        },
        "overwrite": false,
        "html": false,
        "json": true,
        "reportDir": "cypress\\reports\\html\\.jsons"
      },
      "version": "6.2.0"
    }
  }
}