{
  "stats": {
    "suites": 0,
    "tests": 1,
    "passes": 0,
    "pending": 0,
    "failures": 1,
    "start": "2023-01-26T16:09:49.324Z",
    "end": "2023-01-26T16:09:59.845Z",
    "duration": 10521,
    "testsRegistered": 1,
    "passPercent": 0,
    "pendingPercent": 0,
    "other": 0,
    "hasOther": false,
    "skipped": 0,
    "hasSkipped": false
  },
  "results": [
    {
      "uuid": "91b2f55a-4924-429a-9369-1530a6728a3b",
      "title": "",
      "fullFile": "cypress\\TestArcanetinmen\\DSWebshopMenu.specs.js",
      "file": "cypress\\TestArcanetinmen\\DSWebshopMenu.specs.js",
      "beforeHooks": [],
      "afterHooks": [],
      "tests": [
        {
          "title": "Visit Menu of web shop for Solid Color Sleeves",
          "fullTitle": "Visit Menu of web shop for Solid Color Sleeves",
          "timedOut": null,
          "duration": 10434,
          "state": "failed",
          "speed": null,
          "pass": false,
          "fail": true,
          "pending": false,
          "context": "[\n  {\n    \"title\": \"cypress-mochawesome-reporter-screenshots\",\n    \"value\": [\n      [\n        {\n          \"title\": \"Failed screenshot\",\n          \"value\": \"\\\\DSWebshopMenu.specs.js\\\\Visit Menu of web shop for Solid Color Sleeves (failed).png\"\n        }\n      ]\n    ]\n  },\n  \"assets/DSWebshopMenu.specs.js/ --       Visit Menu of web shop for Solid Color Sleeves (failed).png\"\n]",
          "code": "cy.clearCookies();\ncy.visit('https://www.dragonshield.com/webshop/');\ncy.xpath(\"/html/body/div[1]/div/div[4]/div[1]/div[2]/button[4]\").click();\ncy.get('.leo-top-menu > .nav > .nav-item').contains('Solid Color Sleeves').trigger('mouseover', {\n  force: true\n}).invoke('show');\ncy.get('.dropdown-menu').children().contains('Standard Size').trigger('mouseover', {\n  force: true\n}).invoke('show');\ncy.get('ul[class=\"level0\"]').contains('Matte Dual 100').click({\n  force: true\n});\ncy.url('includes', 'dual');\ncy.window().then(win => win.location.href = \"/webshop\");\ncy.get('.leo-top-menu > .nav > .nav-item').contains('Solid Color Sleeves').trigger('mouseover', {\n  force: true\n}).invoke('show');\ncy.get('.dropdown-menu').children().contains('Standard Size').trigger('mouseover', {\n  force: true\n}).invoke('show');\ncy.get('ul[class=\"level0\"]').contains('Matte 100').click({\n  force: true\n});\ncy.window().then(win => win.location.href = \"/webshop\");\ncy.get('.leo-top-menu > .nav > .nav-item').contains('Solid Color Sleeves').trigger('mouseover', {\n  force: true\n}).invoke('show');\ncy.get('.dropdown-menu').children().contains('Standard Size').trigger('mouseover', {\n  force: true\n}).invoke('show');\ncy.get('ul[class=\"level0\"]').contains('Perfect Fit').click({\n  force: true\n});\ncy.window().then(win => win.location.href = \"/webshop\");\ncy.get('.leo-top-menu > .nav > .nav-item').contains('Solid Color Sleeves').trigger('mouseover', {\n  force: true\n}).invoke('show');\ncy.get('.dropdown-menu').children().contains('Standard Size').trigger('mouseover', {\n  force: true\n}).invoke('show');\ncy.get('ul[class=\"level0\"]').contains('Matte Non-Glare 100').click({\n  force: true\n});\ncy.window().then(win => win.location.href = \"/webshop\");\ncy.get('.leo-top-menu > .nav > .nav-item').contains('Solid Color Sleeves').trigger('mouseover', {\n  force: true\n}).invoke('show');\ncy.get('.dropdown-menu').children().contains('Standard Size').trigger('mouseover', {\n  force: true\n}).invoke('show');\ncy.get('ul[class=\"level0\"]').contains('Classic 100').click({\n  force: true\n});\ncy.window().then(win => win.location.href = \"/webshop\");\ncy.get('.leo-top-menu > .nav > .nav-item').contains('Solid Color Sleeves').trigger('mouseover', {\n  force: true\n}).invoke('show');\ncy.get('.dropdown-menu').children().contains('Japanese Size').trigger('mouseover', {\n  force: true\n}).invoke('show');\ncy.get('ul[class=\"level0\"]').contains('Classic 60').click({\n  force: true\n});\ncy.window().then(win => win.location.href = \"/webshop\");\ncy.get('.leo-top-menu > .nav > .nav-item').contains('Solid Color Sleeves').trigger('mouseover', {\n  force: true\n}).invoke('show');\ncy.get('.dropdown-menu').children().contains('Japanese Size').trigger('mouseover', {\n  force: true\n}).invoke('show');\ncy.get('ul[class=\"level0\"]').contains('Matte 60').click({\n  force: true\n});\ncy.window().then(win => win.location.href = \"/webshop\");\ncy.get('.leo-top-menu > .nav > .nav-item').contains('Solid Color Sleeves').trigger('mouseover', {\n  force: true\n}).invoke('show');\ncy.get('.dropdown-menu').children().contains('Japanese Size').trigger('mouseover', {\n  force: true\n}).invoke('show');\ncy.get('ul[class=\"level0\"]').contains('Perfect Fit').click({\n  force: true\n});\ncy.window().then(win => win.location.href = \"/webshop\");\ncy.get('.leo-top-menu > .nav > .nav-item').contains('Solid Color Sleeves').trigger('mouseover', {\n  force: true\n}).invoke('show');\ncy.get('.dropdown-menu').children().contains('Japanese Size').trigger('mouseover', {\n  force: true\n}).invoke('show');\ncy.get('ul[class=\"level0\"]').contains('Matte Dual 60').click({\n  force: true\n});\ncy.window().then(win => win.location.href = \"/webshop\");",
          "err": {
            "message": "AssertionError: Timed out retrying after 4000ms: Expected to find content: 'Matte Dual 100' within the element: [ <ul.level0>, 8 more... ] but never did.",
            "estack": "AssertionError: Timed out retrying after 4000ms: Expected to find content: 'Matte Dual 100' within the element: [ <ul.level0>, 8 more... ] but never did.\n    at Context.eval (webpack:///./cypress/TestArcanetinmen/DSWebshopMenu.specs.js:10:33)",
            "diff": null
          },
          "uuid": "434d043f-39e4-46b8-b320-0fd1776838fe",
          "parentUUID": "91b2f55a-4924-429a-9369-1530a6728a3b",
          "isHook": false,
          "skipped": false
        }
      ],
      "suites": [],
      "passes": [],
      "failures": [
        "434d043f-39e4-46b8-b320-0fd1776838fe"
      ],
      "pending": [],
      "skipped": [],
      "duration": 10434,
      "root": true,
      "rootEmpty": false,
      "_timeout": 2000
    }
  ],
  "meta": {
    "mocha": {
      "version": "7.0.1"
    },
    "mochawesome": {
      "options": {
        "quiet": false,
        "reportFilename": "mochawesome",
        "saveHtml": false,
        "saveJson": true,
        "consoleReporter": "spec",
        "useInlineDiffs": false,
        "code": true
      },
      "version": "7.1.3"
    },
    "marge": {
      "options": {
        "reporterEnabled": "mochawesome",
        "mochawesomeReporteroptions": {
          "charts": "true",
          "reportDir": "cypress/reports/mochawesome-report",
          "reportFilename": "report",
          "overwrite": false,
          "html": true,
          "json": true,
          "quiet": true
        },
        "overwrite": false,
        "html": false,
        "json": true,
        "reportDir": "cypress\\reports\\html\\.jsons"
      },
      "version": "6.2.0"
    }
  }
}