{
  "stats": {
    "suites": 1,
    "tests": 1,
    "passes": 1,
    "pending": 0,
    "failures": 0,
    "start": "2023-01-26T16:01:51.431Z",
    "end": "2023-01-26T16:02:41.004Z",
    "duration": 49573,
    "testsRegistered": 1,
    "passPercent": 100,
    "pendingPercent": 0,
    "other": 0,
    "hasOther": false,
    "skipped": 0,
    "hasSkipped": false
  },
  "results": [
    {
      "uuid": "0ce728df-237a-4682-916b-ab1dc02ac798",
      "title": "",
      "fullFile": "cypress\\TestArcanetinmen\\DSWebShopContactUS.specs.js",
      "file": "cypress\\TestArcanetinmen\\DSWebShopContactUS.specs.js",
      "beforeHooks": [],
      "afterHooks": [],
      "tests": [],
      "suites": [
        {
          "uuid": "99ff58b3-2885-4bb1-8e69-73a335bf0c78",
          "title": "Contact Us Form",
          "fullFile": "",
          "file": "",
          "beforeHooks": [],
          "afterHooks": [],
          "tests": [
            {
              "title": "Contact Us Form",
              "fullTitle": "Contact Us Form Contact Us Form",
              "timedOut": null,
              "duration": 49246,
              "state": "passed",
              "speed": "slow",
              "pass": true,
              "fail": false,
              "pending": false,
              "context": null,
              "code": "cy.get('#footer').scrollIntoView().contains('Contact Us').click({\n  force: true\n});\ncy.get('select').first().select('Webmaster');\ncy.get('select').last().select(1);\ncy.get('#msgText').type(message);\ncy.get('[name=\"submitMessage\"]').click();\ncy.contains('Your message has been successfully sent to our team.').should('be.visible');",
              "err": {},
              "uuid": "6d49d23c-3500-4e94-bcc7-2c6376e1fe1d",
              "parentUUID": "99ff58b3-2885-4bb1-8e69-73a335bf0c78",
              "isHook": false,
              "skipped": false
            }
          ],
          "suites": [],
          "passes": [
            "6d49d23c-3500-4e94-bcc7-2c6376e1fe1d"
          ],
          "failures": [],
          "pending": [],
          "skipped": [],
          "duration": 49246,
          "root": false,
          "rootEmpty": false,
          "_timeout": 2000
        }
      ],
      "passes": [],
      "failures": [],
      "pending": [],
      "skipped": [],
      "duration": 0,
      "root": true,
      "rootEmpty": true,
      "_timeout": 2000
    }
  ],
  "meta": {
    "mocha": {
      "version": "7.0.1"
    },
    "mochawesome": {
      "options": {
        "quiet": false,
        "reportFilename": "mochawesome",
        "saveHtml": false,
        "saveJson": true,
        "consoleReporter": "spec",
        "useInlineDiffs": false,
        "code": true
      },
      "version": "7.1.3"
    },
    "marge": {
      "options": {
        "reporterEnabled": "mochawesome",
        "mochawesomeReporteroptions": {
          "charts": "true",
          "reportDir": "cypress/reports/mochawesome-report",
          "reportFilename": "report",
          "overwrite": false,
          "html": true,
          "json": true,
          "quiet": true
        },
        "overwrite": false,
        "html": false,
        "json": true,
        "reportDir": "cypress\\reports\\html\\.jsons"
      },
      "version": "6.2.0"
    }
  }
}