{
  "stats": {
    "suites": 1,
    "tests": 1,
    "passes": 1,
    "pending": 0,
    "failures": 0,
    "start": "2023-01-26T16:20:31.675Z",
    "end": "2023-01-26T16:22:01.909Z",
    "duration": 90234,
    "testsRegistered": 1,
    "passPercent": 100,
    "pendingPercent": 0,
    "other": 0,
    "hasOther": false,
    "skipped": 0,
    "hasSkipped": false
  },
  "results": [
    {
      "uuid": "55b1be53-e925-45df-aed7-12d74c0aa847",
      "title": "",
      "fullFile": "cypress\\TestArcanetinmen\\DSWebshopMyAccount_AddressManagement.specs.js",
      "file": "cypress\\TestArcanetinmen\\DSWebshopMyAccount_AddressManagement.specs.js",
      "beforeHooks": [],
      "afterHooks": [],
      "tests": [],
      "suites": [
        {
          "uuid": "c42932cc-dfac-416e-9df1-3f45063a63cb",
          "title": "Navigate to My Account",
          "fullFile": "",
          "file": "",
          "beforeHooks": [],
          "afterHooks": [],
          "tests": [
            {
              "title": "Navigate to My Address",
              "fullTitle": "Navigate to My Account Navigate to My Address",
              "timedOut": null,
              "duration": 89684,
              "state": "passed",
              "speed": "slow",
              "pass": true,
              "fail": false,
              "pending": false,
              "context": null,
              "code": "cy.get('body').then($body => {\n  if ($body.text().includes(\"Add first address\")) {\n    cy.get('span[class=\"link-item\"]').contains('Add first address').click();\n    cy.get('input[name=\"address1\"]').type(addressData.Address1);\n    cy.get('input[name=\"phone\"]').eq(0).type(addressData.Phonenumber);\n    cy.get('input[name=\"city\"]').type(addressData.City);\n    cy.get('select[name=\"id_country\"]').select(addressData.Country);\n    cy.get('input[name=\"postcode\"]').type(addressData.Zipcode);\n    cy.get('select[name=\"id_country\"]').should('have.value', 10);\n    cy.wait(5000);\n    cy.get('select[name=\"id_state\"]').select(addressData.State);\n    cy.get('select[name=\"id_state\"]').should('have.value', 229);\n    cy.get('.btn').contains('Save').click();\n  } else {\n    cy.get('span[class=\"link-item\"]').contains(\"Addresses\").should('be.visible');\n    cy.get('span[class=\"link-item\"]').contains(\"Addresses\").click();\n    cy.contains('My Address').should('be.visible');\n    cy.contains('Update').eq(0).click();\n    cy.get('input[name=\"city\"]').clear();\n    cy.log(addressData.City);\n    cy.get('input[name=\"city\"]').type(addressData.City);\n    cy.wait(5000);\n    cy.get(\".btn\").contains(\"Save\").click();\n    cy.contains(\"successfully\").should('be.visible');\n    cy.wait(5000);\n    cy.contains(\"Delete\").click();\n    cy.contains(\"successfully deleted\").should('be.visible');\n  }\n});",
              "err": {},
              "uuid": "cdeb5644-61de-4e91-ada3-0db91ec04cd8",
              "parentUUID": "c42932cc-dfac-416e-9df1-3f45063a63cb",
              "isHook": false,
              "skipped": false
            }
          ],
          "suites": [],
          "passes": [
            "cdeb5644-61de-4e91-ada3-0db91ec04cd8"
          ],
          "failures": [],
          "pending": [],
          "skipped": [],
          "duration": 89684,
          "root": false,
          "rootEmpty": false,
          "_timeout": 2000
        }
      ],
      "passes": [],
      "failures": [],
      "pending": [],
      "skipped": [],
      "duration": 0,
      "root": true,
      "rootEmpty": true,
      "_timeout": 2000
    }
  ],
  "meta": {
    "mocha": {
      "version": "7.0.1"
    },
    "mochawesome": {
      "options": {
        "quiet": false,
        "reportFilename": "mochawesome",
        "saveHtml": false,
        "saveJson": true,
        "consoleReporter": "spec",
        "useInlineDiffs": false,
        "code": true
      },
      "version": "7.1.3"
    },
    "marge": {
      "options": {
        "reporterEnabled": "mochawesome",
        "mochawesomeReporteroptions": {
          "charts": "true",
          "reportDir": "cypress/reports/mochawesome-report",
          "reportFilename": "report",
          "overwrite": false,
          "html": true,
          "json": true,
          "quiet": true
        },
        "overwrite": false,
        "html": false,
        "json": true,
        "reportDir": "cypress\\reports\\html\\.jsons"
      },
      "version": "6.2.0"
    }
  }
}