{
  "stats": {
    "suites": 1,
    "tests": 1,
    "passes": 0,
    "pending": 0,
    "failures": 1,
    "start": "2023-01-26T16:18:40.302Z",
    "end": "2023-01-26T16:20:08.812Z",
    "duration": 88510,
    "testsRegistered": 1,
    "passPercent": 0,
    "pendingPercent": 0,
    "other": 0,
    "hasOther": false,
    "skipped": 0,
    "hasSkipped": false
  },
  "results": [
    {
      "uuid": "07143f9e-53df-47fb-a9ba-7cc1c8c46fc5",
      "title": "",
      "fullFile": "cypress\\TestArcanetinmen\\DSWebshopMyAccountRewardPoints.specs.js",
      "file": "cypress\\TestArcanetinmen\\DSWebshopMyAccountRewardPoints.specs.js",
      "beforeHooks": [],
      "afterHooks": [],
      "tests": [],
      "suites": [
        {
          "uuid": "d4a83ddd-a3d8-4f85-9be1-55f75d66f040",
          "title": "Navigate to My Account_Rewards_History",
          "fullFile": "",
          "file": "",
          "beforeHooks": [],
          "afterHooks": [],
          "tests": [
            {
              "title": "Rewards Management",
              "fullTitle": "Navigate to My Account_Rewards_History Rewards Management",
              "timedOut": null,
              "duration": 88250,
              "state": "failed",
              "speed": null,
              "pass": false,
              "fail": true,
              "pending": false,
              "context": "[\n  {\n    \"title\": \"cypress-mochawesome-reporter-screenshots\",\n    \"value\": [\n      [\n        {\n          \"title\": \"Failed screenshot\",\n          \"value\": \"\\\\DSWebshopMyAccountRewardPoints.specs.js\\\\Navigate to My Account_Rewards_History -- Rewards Management (failed).png\"\n        }\n      ]\n    ]\n  },\n  \"assets/DSWebshopMyAccountRewardPoints.specs.js/Navigate to My Account_Rewards_History --       Rewards Management (failed).png\"\n]",
              "code": "const pagelength = \"ul>li>a\";\ncy.get('span[class=\"link-item\"]').contains('My rewards account').click();\n(0, _cypressRecurse.recurse)(() => cy.get('.next'), $button => $button.hasClass('disabled') == 'disabled', {\n  limit: pagelength.length,\n  log: false,\n  timeout: 20000,\n  delay: 500,\n  post() {\n    cy.log(\"start\");\n    cy.get('.next ').click();\n    cy.log(\"end\");\n  }\n});",
              "err": {
                "message": "Error: Max time limit reached",
                "estack": "Error: Max time limit reached\n    at Context.eval (webpack:///./node_modules/cypress-recurse/src/index.js:116:0)",
                "diff": null
              },
              "uuid": "c4524c0b-0428-4ded-8bb0-d65f698f6446",
              "parentUUID": "d4a83ddd-a3d8-4f85-9be1-55f75d66f040",
              "isHook": false,
              "skipped": false
            }
          ],
          "suites": [],
          "passes": [],
          "failures": [
            "c4524c0b-0428-4ded-8bb0-d65f698f6446"
          ],
          "pending": [],
          "skipped": [],
          "duration": 88250,
          "root": false,
          "rootEmpty": false,
          "_timeout": 2000
        }
      ],
      "passes": [],
      "failures": [],
      "pending": [],
      "skipped": [],
      "duration": 0,
      "root": true,
      "rootEmpty": true,
      "_timeout": 2000
    }
  ],
  "meta": {
    "mocha": {
      "version": "7.0.1"
    },
    "mochawesome": {
      "options": {
        "quiet": false,
        "reportFilename": "mochawesome",
        "saveHtml": false,
        "saveJson": true,
        "consoleReporter": "spec",
        "useInlineDiffs": false,
        "code": true
      },
      "version": "7.1.3"
    },
    "marge": {
      "options": {
        "reporterEnabled": "mochawesome",
        "mochawesomeReporteroptions": {
          "charts": "true",
          "reportDir": "cypress/reports/mochawesome-report",
          "reportFilename": "report",
          "overwrite": false,
          "html": true,
          "json": true,
          "quiet": true
        },
        "overwrite": false,
        "html": false,
        "json": true,
        "reportDir": "cypress\\reports\\html\\.jsons"
      },
      "version": "6.2.0"
    }
  }
}