{
  "stats": {
    "suites": 1,
    "tests": 1,
    "passes": 0,
    "pending": 0,
    "failures": 1,
    "start": "2023-01-26T16:27:59.174Z",
    "end": "2023-01-26T16:29:26.016Z",
    "duration": 86842,
    "testsRegistered": 1,
    "passPercent": 0,
    "pendingPercent": 0,
    "other": 0,
    "hasOther": false,
    "skipped": 0,
    "hasSkipped": false
  },
  "results": [
    {
      "uuid": "63d3efa5-7837-469b-a4b0-d6de04332b4b",
      "title": "",
      "fullFile": "cypress\\TestArcanetinmen\\DSWebshopprodlistpagtion.specs.js",
      "file": "cypress\\TestArcanetinmen\\DSWebshopprodlistpagtion.specs.js",
      "beforeHooks": [],
      "afterHooks": [],
      "tests": [],
      "suites": [
        {
          "uuid": "83ae3148-4d43-4756-b728-e709b3d212e5",
          "title": "Product Listing Pagination",
          "fullFile": "",
          "file": "",
          "beforeHooks": [],
          "afterHooks": [],
          "tests": [
            {
              "title": "Product Listing Pagination",
              "fullTitle": "Product Listing Pagination Product Listing Pagination",
              "timedOut": null,
              "duration": 86293,
              "state": "failed",
              "speed": null,
              "pass": false,
              "fail": true,
              "pending": false,
              "context": "[\n  {\n    \"title\": \"cypress-mochawesome-reporter-screenshots\",\n    \"value\": [\n      [\n        {\n          \"title\": \"Failed screenshot\",\n          \"value\": \"\\\\DSWebshopprodlistpagtion.specs.js\\\\Product Listing Pagination -- Product Listing Pagination (failed).png\"\n        }\n      ]\n    ]\n  },\n  \"assets/DSWebshopprodlistpagtion.specs.js/Product Listing Pagination --       Product Listing Pagination (failed).png\"\n]",
              "code": "cy.visit('/webshop', '{timeout:50000000}');\ncy.get('#CybotCookiebotDialogBodyLevelButtonLevelOptinAllowAll').click();\ncy.get('.ti-user').trigger('mouseover');\ncy.contains('Sign in/Register').click({\n  force: true\n});\ncy.get('#Email').type(logindata.email);\ncy.get('#Password').type(logindata.password);\ncy.get('.btn').eq(0).click();\ncy.get('.leo-top-menu > .nav > .active > .nav-link > .menu-title').click({\n  force: true\n}).wait(20000);\nconst pages = cy.get(\".page-list.clearfix.text-md-right.text-xs-center\");\nconst product = ':nth-child(1) > .product-miniature > .thumbnail-container > .product-image > .functional-buttons > .pro-info-onhover > a';\n(0, _cypressRecurse.recurse)(() => cy.get('.next'), $button => $button.hasClass('disabled') == 'disabled', {\n  length: pages.length,\n  log: false,\n  timeout: 50000,\n  delay: 500,\n  post() {\n    cy.log(\"start\");\n    cy.get('.next>.fa').should('be.visible').click({\n      force: true\n    });\n    cy.log(\"end\");\n  }\n});",
              "err": {
                "message": "AssertionError: Timed out retrying after 4000ms: Expected to find element: `.next>.fa`, but never found it.",
                "estack": "AssertionError: Timed out retrying after 4000ms: Expected to find element: `.next>.fa`, but never found it.\n    at Object.post (webpack:///./cypress/TestArcanetinmen/DSWebshopprodlistpagtion.specs.js:51:31)\n    at Context.eval (webpack:///./node_modules/cypress-recurse/src/index.js:284:0)",
                "diff": null
              },
              "uuid": "ff1671e7-dddb-4b0a-9d79-f913faa17779",
              "parentUUID": "83ae3148-4d43-4756-b728-e709b3d212e5",
              "isHook": false,
              "skipped": false
            }
          ],
          "suites": [],
          "passes": [],
          "failures": [
            "ff1671e7-dddb-4b0a-9d79-f913faa17779"
          ],
          "pending": [],
          "skipped": [],
          "duration": 86293,
          "root": false,
          "rootEmpty": false,
          "_timeout": 2000
        }
      ],
      "passes": [],
      "failures": [],
      "pending": [],
      "skipped": [],
      "duration": 0,
      "root": true,
      "rootEmpty": true,
      "_timeout": 2000
    }
  ],
  "meta": {
    "mocha": {
      "version": "7.0.1"
    },
    "mochawesome": {
      "options": {
        "quiet": false,
        "reportFilename": "mochawesome",
        "saveHtml": false,
        "saveJson": true,
        "consoleReporter": "spec",
        "useInlineDiffs": false,
        "code": true
      },
      "version": "7.1.3"
    },
    "marge": {
      "options": {
        "reporterEnabled": "mochawesome",
        "mochawesomeReporteroptions": {
          "charts": "true",
          "reportDir": "cypress/reports/mochawesome-report",
          "reportFilename": "report",
          "overwrite": false,
          "html": true,
          "json": true,
          "quiet": true
        },
        "overwrite": false,
        "html": false,
        "json": true,
        "reportDir": "cypress\\reports\\html\\.jsons"
      },
      "version": "6.2.0"
    }
  }
}