{
  "stats": {
    "suites": 1,
    "tests": 1,
    "passes": 1,
    "pending": 1,
    "failures": -1,
    "start": "2023-01-26T16:06:36.413Z",
    "end": "2023-01-26T16:07:17.314Z",
    "duration": 40901,
    "testsRegistered": 2,
    "passPercent": 100,
    "pendingPercent": 50,
    "other": 1,
    "hasOther": true,
    "skipped": 1,
    "hasSkipped": true
  },
  "results": [
    {
      "uuid": "f55fb67f-8ae8-4940-b78f-03de7d10cf67",
      "title": "",
      "fullFile": "cypress\\TestArcanetinmen\\DSWebShopWishListManagement.specs.js",
      "file": "cypress\\TestArcanetinmen\\DSWebShopWishListManagement.specs.js",
      "beforeHooks": [],
      "afterHooks": [],
      "tests": [],
      "suites": [
        {
          "uuid": "92e350e7-caaf-4ed8-bac0-b9bb782cbe13",
          "title": "Wishlist Management",
          "fullFile": "",
          "file": "",
          "beforeHooks": [],
          "afterHooks": [],
          "tests": [
            {
              "title": "Add to wishlist without login",
              "fullTitle": "Wishlist Management Add to wishlist without login",
              "timedOut": null,
              "duration": 0,
              "state": "pending",
              "speed": null,
              "pass": false,
              "fail": false,
              "pending": false,
              "context": null,
              "code": "cy.get('.leo-top-menu > .nav > .nav-item').contains('Solid Color Sleeves').trigger('onmouseover', {\n  force: true\n}).invoke('show'); // cy.get('a[class=\"category-sub-link\"]').should('be.visible');\ncy.get('.dropdown-menu').children().contains('Standard Size').trigger('onmouseover', {\n  force: true\n}).invoke('show');\ncy.get('.dropdown-menu').children().contains('Classic 100').click({\n  force: true\n});\nfor (var i = 0; i <= 4; i++) {\n  wishlist.addtowishlist().eq(i).trigger('onmouseover', {\n    force: true\n  }).invoke('show').find('.leo-wishlist-button.btn-product.btn-primary.btn').click({\n    force: true\n  });\n  cy.contains('You must be logged in to manage your wishlist').should('be.visible');\n}",
              "err": {},
              "uuid": "78470a58-a888-4430-a053-705e97e20502",
              "parentUUID": "92e350e7-caaf-4ed8-bac0-b9bb782cbe13",
              "isHook": false,
              "skipped": true
            },
            {
              "title": "Add to wishlist with login",
              "fullTitle": "Wishlist Management Add to wishlist with login",
              "timedOut": null,
              "duration": 40715,
              "state": "passed",
              "speed": "slow",
              "pass": true,
              "fail": false,
              "pending": false,
              "context": null,
              "code": "cy.get('.ti-user').click();\ncy.contains('Sign in/Register').click({\n  force: true\n});\ncy.wait(10000);\ncy.get('#Email').type('sonamk1@beckett.com');\ncy.get('#Password').type('Test@1234');\ncy.get('.btn').click();\ncy.get('.leo-top-menu > .nav > .nav-item').contains('Solid Color Sleeves').trigger('onmouseover', {\n  force: true\n}).invoke('show'); // cy.get('a[class=\"category-sub-link\"]').should('be.visible');\ncy.get('.dropdown-menu').children().contains('Standard Size').trigger('onmouseover', {\n  force: true\n}).invoke('show');\ncy.get('.dropdown-menu').children().contains('Classic 100').click({\n  force: true\n});\nfor (var i = 0; i <= 4; i++) {\n  wishlist.addtowishlist().eq(i).trigger('onmouseover', {\n    force: true\n  }).invoke('show').find('.leo-wishlist-button.btn-product.btn-primary.btn').click({\n    force: true\n  });\n  cy.get('body').then($body => {\n    if ($body.text().includes(\"The product has been successfully removed from your wishlist.\")) {\n      wishlist.addtowishlist().eq(i).trigger('onmouseover', {\n        force: true\n      }).invoke('show').find('.leo-wishlist-button.btn-product.btn-primary.btn').click({\n        force: true\n      }).wait(3000);\n      cy.contains('Product has been successfully added to your wishlist.').should('be.visible');\n      cy.get('.close').last().click({\n        force: true\n      });\n    } else {\n      wishlist.addtowishlist().eq(i).trigger('onmouseover', {\n        force: true\n      }).invoke('show').find('.leo-wishlist-button.btn-product.btn-primary.btn').click({\n        force: true\n      });\n      cy.get('.close').last().click({\n        force: true\n      });\n    }\n  });\n}",
              "err": {},
              "uuid": "debd604b-67ce-4461-a7fb-b44bbc2783e5",
              "parentUUID": "92e350e7-caaf-4ed8-bac0-b9bb782cbe13",
              "isHook": false,
              "skipped": false
            }
          ],
          "suites": [],
          "passes": [
            "debd604b-67ce-4461-a7fb-b44bbc2783e5"
          ],
          "failures": [],
          "pending": [],
          "skipped": [
            "78470a58-a888-4430-a053-705e97e20502"
          ],
          "duration": 40715,
          "root": false,
          "rootEmpty": false,
          "_timeout": 2000
        }
      ],
      "passes": [],
      "failures": [],
      "pending": [],
      "skipped": [],
      "duration": 0,
      "root": true,
      "rootEmpty": true,
      "_timeout": 2000
    }
  ],
  "meta": {
    "mocha": {
      "version": "7.0.1"
    },
    "mochawesome": {
      "options": {
        "quiet": false,
        "reportFilename": "mochawesome",
        "saveHtml": false,
        "saveJson": true,
        "consoleReporter": "spec",
        "useInlineDiffs": false,
        "code": true
      },
      "version": "7.1.3"
    },
    "marge": {
      "options": {
        "reporterEnabled": "mochawesome",
        "mochawesomeReporteroptions": {
          "charts": "true",
          "reportDir": "cypress/reports/mochawesome-report",
          "reportFilename": "report",
          "overwrite": false,
          "html": true,
          "json": true,
          "quiet": true
        },
        "overwrite": false,
        "html": false,
        "json": true,
        "reportDir": "cypress\\reports\\html\\.jsons"
      },
      "version": "6.2.0"
    }
  }
}