{
  "stats": {
    "suites": 1,
    "tests": 1,
    "passes": 1,
    "pending": 1,
    "failures": -1,
    "start": "2023-01-26T16:03:00.361Z",
    "end": "2023-01-26T16:04:53.097Z",
    "duration": 112736,
    "testsRegistered": 2,
    "passPercent": 100,
    "pendingPercent": 50,
    "other": 1,
    "hasOther": true,
    "skipped": 1,
    "hasSkipped": true
  },
  "results": [
    {
      "uuid": "ee30b303-6dc2-4d18-a310-9c551b45a09d",
      "title": "",
      "fullFile": "cypress\\TestArcanetinmen\\DSWebShopDesignSC.specs.js",
      "file": "cypress\\TestArcanetinmen\\DSWebShopDesignSC.specs.js",
      "beforeHooks": [],
      "afterHooks": [],
      "tests": [],
      "suites": [
        {
          "uuid": "af7998bd-e76a-4556-81a2-2878400581b8",
          "title": "Design Sleeve Crafter",
          "fullFile": "",
          "file": "",
          "beforeHooks": [],
          "afterHooks": [],
          "tests": [
            {
              "title": "Design Sleeve Crafter",
              "fullTitle": "Design Sleeve Crafter Design Sleeve Crafter",
              "timedOut": null,
              "duration": 0,
              "state": "pending",
              "speed": null,
              "pass": false,
              "fail": false,
              "pending": false,
              "context": null,
              "code": "cy.get('.btn').contains(\"Sleeve Crafter\").click({\n  force: true\n});\ncy.get('#customizecls').click();\ncy.get('#customize').click().wait(10000);\ncy.frameLoaded('#tshirtIFrame');\ncy.iframe('#tshirtIFrame').find('span').contains(\"Add designs\").then($adddesigns => {\n  cy.get($adddesigns).click().wait(5000);\n  cy.iframe('#tshirtIFrame').find('.label-title').contains(\"Backgrounds\").then($backgrounds => {\n    cy.get($backgrounds).click().wait(5000);\n    cy.iframe('#tshirtIFrame').find('#background-8').then($color => {\n      cy.get($color).click().wait(5000);\n      cy.iframe('#tshirtIFrame').find('button').contains('Order Option').then($order => {\n        cy.get($order).click().wait(10000);\n        cy.iframe('#tshirtIFrame').find('.custom-control-label').contains(\"I approve the\").then($check => {\n          cy.get($check).click().wait(5000);\n          cy.iframe('#tshirtIFrame').find('.cart-text').contains('Add to cart').then($order2 => {\n            cy.get($order2).click({\n              force: true\n            }).wait(5000);\n            cy.get('a').contains('Sleeve Crafter').should('be.visible');\n          });\n        });\n      });\n    });\n  });\n});",
              "err": {},
              "uuid": "b547927a-1d3e-401e-baa1-f3f51b0eb9f6",
              "parentUUID": "af7998bd-e76a-4556-81a2-2878400581b8",
              "isHook": false,
              "skipped": true
            },
            {
              "title": "Design Sleeve Crafter",
              "fullTitle": "Design Sleeve Crafter Design Sleeve Crafter",
              "timedOut": null,
              "duration": 112464,
              "state": "passed",
              "speed": "slow",
              "pass": true,
              "fail": false,
              "pending": false,
              "context": null,
              "code": "const p = 'newimage.jpg';\ncy.get('.btn').contains(\"Sleeve Crafter\").click({\n  force: true\n});\ncy.get('#customizecls').click();\ncy.get('#customize').click().wait(10000);\ncy.frameLoaded('#tshirtIFrame');\ncy.iframe('#tshirtIFrame').find('span').contains(\"Upload design\").then($uploaddesign => {\n  cy.get($uploaddesign).click().wait(10000);\n});\ncy.iframe('#tshirtIFrame').find('.nx-drop-box').then($browsefile => {\n  cy.get($browsefile).selectFile('cypress/fixtures/newimage.jpg', {\n    action: 'drag-drop'\n  }).wait(10000);\n});\ncy.iframe('#tshirtIFrame').find('button').contains('Done').then($done => {\n  cy.get($done).click().wait(10000);\n});\ncy.iframe('#tshirtIFrame').find('button').contains('Order Option').then($order => {\n  cy.get($order).click().wait(10000);\n});\ncy.iframe('#tshirtIFrame').find('.custom-control-label').contains(\"I approve the\").then($check => {\n  cy.get($check).click().wait(10000);\n});\ncy.iframe('#tshirtIFrame').find('.cart-text').contains('Add to cart').then($order2 => {\n  cy.get($order2).click({\n    force: true\n  }).wait(10000);\n});\ncy.get('a').contains('Sleeve Crafter').should('be.visible');",
              "err": {},
              "uuid": "54fd99af-b2d6-4ee3-918d-f910a21ad9fc",
              "parentUUID": "af7998bd-e76a-4556-81a2-2878400581b8",
              "isHook": false,
              "skipped": false
            }
          ],
          "suites": [],
          "passes": [
            "54fd99af-b2d6-4ee3-918d-f910a21ad9fc"
          ],
          "failures": [],
          "pending": [],
          "skipped": [
            "b547927a-1d3e-401e-baa1-f3f51b0eb9f6"
          ],
          "duration": 112464,
          "root": false,
          "rootEmpty": false,
          "_timeout": 2000
        }
      ],
      "passes": [],
      "failures": [],
      "pending": [],
      "skipped": [],
      "duration": 0,
      "root": true,
      "rootEmpty": true,
      "_timeout": 2000
    }
  ],
  "meta": {
    "mocha": {
      "version": "7.0.1"
    },
    "mochawesome": {
      "options": {
        "quiet": false,
        "reportFilename": "mochawesome",
        "saveHtml": false,
        "saveJson": true,
        "consoleReporter": "spec",
        "useInlineDiffs": false,
        "code": true
      },
      "version": "7.1.3"
    },
    "marge": {
      "options": {
        "reporterEnabled": "mochawesome",
        "mochawesomeReporteroptions": {
          "charts": "true",
          "reportDir": "cypress/reports/mochawesome-report",
          "reportFilename": "report",
          "overwrite": false,
          "html": true,
          "json": true,
          "quiet": true
        },
        "overwrite": false,
        "html": false,
        "json": true,
        "reportDir": "cypress\\reports\\html\\.jsons"
      },
      "version": "6.2.0"
    }
  }
}